<?xml version="1.0" encoding="UTF-8"?>
<!-- Generated by org.testng.reporters.JUnitReportReporter -->
<testsuite skipped="0" hostname="Notebook-PÃ¢mela" name="test.TestePraticoTresTeste" tests="1" failures="0" timestamp="04 dez 2022 17:29:57 GMT" time="0.005" errors="0">
  <testcase name="test" time="0.005" classname="test.TestePraticoTresTeste"/>
</testsuite> <!-- test.TestePraticoTresTeste -->
